Flow report for RLE
Wed Nov 05 10:38:02 2025
Quartus Prime Version 18.1.0 Build 625 09/12/2018 SJ Lite Edition


---------------------
; Table of Contents ;
---------------------
  1. Legal Notice
  2. Flow Summary
  3. Flow Settings
  4. Flow Non-Default Global Settings
  5. Flow Elapsed Time
  6. Flow OS Summary
  7. Flow Log
  8. Flow Messages
  9. Flow Suppressed Messages



----------------
; Legal Notice ;
----------------
Copyright (C) 2018  Intel Corporation. All rights reserved.
Your use of Intel Corporation's design tools, logic functions 
and other software and tools, and its AMPP partner logic 
functions, and any output files from any of the foregoing 
(including device programming or simulation files), and any 
associated documentation or information are expressly subject 
to the terms and conditions of the Intel Program License 
Subscription Agreement, the Intel Quartus Prime License Agreement,
the Intel FPGA IP License Agreement, or other applicable license
agreement, including, without limitation, that your use is for
the sole purpose of programming logic devices manufactured by
Intel and sold by Intel or its authorized distributors.  Please
refer to the applicable agreement for further details.



+----------------------------------------------------------------------------------+
; Flow Summary                                                                     ;
+------------------------------------+---------------------------------------------+
; Flow Status                        ; Successful - Wed Nov 05 10:38:02 2025       ;
; Quartus Prime Version              ; 18.1.0 Build 625 09/12/2018 SJ Lite Edition ;
; Revision Name                      ; RLE                                         ;
; Top-level Entity Name              ; Toplevel                                    ;
; Family                             ; MAX 10                                      ;
; Device                             ; 10M25SAE144C8G                              ;
; Timing Models                      ; Final                                       ;
; Total logic elements               ; 5,976 / 24,960 ( 24 % )                     ;
;     Total combinational functions  ; 3,873 / 24,960 ( 16 % )                     ;
;     Dedicated logic registers      ; 4,534 / 24,960 ( 18 % )                     ;
; Total registers                    ; 4534                                        ;
; Total pins                         ; 4 / 101 ( 4 % )                             ;
; Total virtual pins                 ; 0                                           ;
; Total memory bits                  ; 512 / 691,200 ( < 1 % )                     ;
; Embedded Multiplier 9-bit elements ; 0 / 110 ( 0 % )                             ;
; Total PLLs                         ; 0 / 1 ( 0 % )                               ;
; UFM blocks                         ; 0 / 1 ( 0 % )                               ;
; ADC blocks                         ; 0 / 1 ( 0 % )                               ;
+------------------------------------+---------------------------------------------+


+-----------------------------------------+
; Flow Settings                           ;
+-------------------+---------------------+
; Option            ; Setting             ;
+-------------------+---------------------+
; Start date & time ; 11/05/2025 10:36:00 ;
; Main task         ; Compilation         ;
; Revision Name     ; RLE                 ;
+-------------------+---------------------+


+------------------------------------------------------------------------------------------------------------------------------+
; Flow Non-Default Global Settings                                                                                             ;
+--------------------------------------+----------------------------------------+---------------+-------------+----------------+
; Assignment Name                      ; Value                                  ; Default Value ; Entity Name ; Section Id     ;
+--------------------------------------+----------------------------------------+---------------+-------------+----------------+
; COMPILER_SIGNATURE_ID                ; 10995770589192.176231915921032         ; --            ; --          ; --             ;
; EDA_DESIGN_INSTANCE_NAME             ; NA                                     ; --            ; --          ; Testbench      ;
; EDA_NATIVELINK_SIMULATION_TEST_BENCH ; Testbench                              ; --            ; --          ; eda_simulation ;
; EDA_OUTPUT_DATA_FORMAT               ; Vhdl                                   ; --            ; --          ; eda_simulation ;
; EDA_SIMULATION_TOOL                  ; ModelSim-Altera (VHDL)                 ; <None>        ; --          ; --             ;
; EDA_TEST_BENCH_ENABLE_STATUS         ; TEST_BENCH_MODE                        ; --            ; --          ; eda_simulation ;
; EDA_TEST_BENCH_FILE                  ; Testbench.vhdl                         ; --            ; --          ; Testbench      ;
; EDA_TEST_BENCH_MODULE_NAME           ; Testbench                              ; --            ; --          ; Testbench      ;
; EDA_TEST_BENCH_NAME                  ; Testbench                              ; --            ; --          ; eda_simulation ;
; EDA_TIME_SCALE                       ; 1 ps                                   ; --            ; --          ; eda_simulation ;
; MAX_CORE_JUNCTION_TEMP               ; 85                                     ; --            ; --          ; --             ;
; MIN_CORE_JUNCTION_TEMP               ; 0                                      ; --            ; --          ; --             ;
; PARTITION_COLOR                      ; -- (Not supported for targeted family) ; --            ; Toplevel    ; Top            ;
; PARTITION_FITTER_PRESERVATION_LEVEL  ; -- (Not supported for targeted family) ; --            ; Toplevel    ; Top            ;
; PARTITION_NETLIST_TYPE               ; -- (Not supported for targeted family) ; --            ; Toplevel    ; Top            ;
; POWER_BOARD_THERMAL_MODEL            ; None (CONSERVATIVE)                    ; --            ; --          ; --             ;
; POWER_PRESET_COOLING_SOLUTION        ; 23 MM HEAT SINK WITH 200 LFPM AIRFLOW  ; --            ; --          ; --             ;
; PROJECT_OUTPUT_DIRECTORY             ; output_files                           ; --            ; --          ; --             ;
; TOP_LEVEL_ENTITY                     ; Toplevel                               ; RLE           ; --          ; --             ;
+--------------------------------------+----------------------------------------+---------------+-------------+----------------+


+--------------------------------------------------------------------------------------------------------------------------+
; Flow Elapsed Time                                                                                                        ;
+----------------------+--------------+-------------------------+---------------------+------------------------------------+
; Module Name          ; Elapsed Time ; Average Processors Used ; Peak Virtual Memory ; Total CPU Time (on all processors) ;
+----------------------+--------------+-------------------------+---------------------+------------------------------------+
; Analysis & Synthesis ; 00:00:44     ; 1.0                     ; 4883 MB             ; 00:00:57                           ;
; Fitter               ; 00:00:36     ; 3.2                     ; 6004 MB             ; 00:01:38                           ;
; Assembler            ; 00:00:03     ; 1.0                     ; 4708 MB             ; 00:00:03                           ;
; Power Analyzer       ; 00:00:13     ; 3.9                     ; 4948 MB             ; 00:00:35                           ;
; Timing Analyzer      ; 00:00:11     ; 5.1                     ; 4917 MB             ; 00:00:34                           ;
; EDA Netlist Writer   ; 00:00:04     ; 1.0                     ; 4712 MB             ; 00:00:04                           ;
; Total                ; 00:01:51     ; --                      ; --                  ; 00:03:51                           ;
+----------------------+--------------+-------------------------+---------------------+------------------------------------+


+------------------------------------------------------------------------------------+
; Flow OS Summary                                                                    ;
+----------------------+------------------+------------+------------+----------------+
; Module Name          ; Machine Hostname ; OS Name    ; OS Version ; Processor type ;
+----------------------+------------------+------------+------------+----------------+
; Analysis & Synthesis ; DELL             ; Windows 10 ; 10.0       ; x86_64         ;
; Fitter               ; DELL             ; Windows 10 ; 10.0       ; x86_64         ;
; Assembler            ; DELL             ; Windows 10 ; 10.0       ; x86_64         ;
; Power Analyzer       ; DELL             ; Windows 10 ; 10.0       ; x86_64         ;
; Timing Analyzer      ; DELL             ; Windows 10 ; 10.0       ; x86_64         ;
; EDA Netlist Writer   ; DELL             ; Windows 10 ; 10.0       ; x86_64         ;
+----------------------+------------------+------------+------------+----------------+


------------
; Flow Log ;
------------
quartus_map --read_settings_files=on --write_settings_files=off RLE -c RLE
quartus_fit --read_settings_files=off --write_settings_files=off RLE -c RLE
quartus_asm --read_settings_files=off --write_settings_files=off RLE -c RLE
quartus_pow --read_settings_files=off --write_settings_files=off RLE -c RLE
quartus_sta RLE -c RLE
quartus_eda --read_settings_files=off --write_settings_files=off RLE -c RLE



